Configuration file: /Users/maorui/blog/_config.yml
            Source: /Users/maorui/blog
       Destination: public
      Generating... 
                    done.
 Auto-regeneration: enabled for '/Users/maorui/blog'
Configuration file: /Users/maorui/blog/_config.yml
            Source: /Users/maorui/blog
       Destination: public
      Generating... 
                    done.
 Auto-regeneration: enabled for '/Users/maorui/blog'
      Regenerating: 1 file(s) changed at 2015-10-06 11:08:42 [31m  Liquid Exception: EPIPE in _posts/2014-04-27-a-day-long-programming.md[0m
...error:
[33m             Error: EPIPE[0m
[33m             Error: Run jekyll build --trace for more information.[0m
Configuration file: /Users/maorui/blog/_config.yml
            Source: /Users/maorui/blog
       Destination: public
      Generating... 
                    done.
 Auto-regeneration: enabled for '/Users/maorui/blog'
Configuration file: /Users/maorui/blog/_config.yml
            Source: /Users/maorui/blog
       Destination: public
      Generating... 
                    done.
 Auto-regeneration: enabled for '/Users/maorui/blog'
     Halting auto-regeneration.
Configuration file: /Users/maorui/blog/_config.yml
            Source: /Users/maorui/blog
       Destination: public
      Generating... 
                    done.
 Auto-regeneration: enabled for '/Users/maorui/blog'
      Regenerating: 1 file(s) changed at 2015-10-06 11:14:39 [31m  Liquid Exception: EPIPE in _posts/2014-04-27-a-day-long-programming.md[0m
...error:
[33m             Error: EPIPE[0m
[33m             Error: Run jekyll build --trace for more information.[0m
Configuration file: /Users/maorui/blog/_config.yml
            Source: /Users/maorui/blog
       Destination: public
      Generating... 
                    done.
 Auto-regeneration: enabled for '/Users/maorui/blog'
      Regenerating: 1 file(s) changed at 2015-10-06 11:19:05 [31m  Liquid Exception: EPIPE in _posts/2014-04-27-a-day-long-programming.md[0m
...error:
[33m             Error: EPIPE[0m
[33m             Error: Run jekyll build --trace for more information.[0m
